# JRE version: OpenJDK Runtime Environment Temurin-21.0.9+10 (21.0.9+10) (build 21.0.9+10-LTS)
# Java VM: OpenJDK 64-Bit Server VM Temurin-21.0.9+10 (21.0.9+10-LTS, mixed mode, emulated-client, sharing, tiered, compressed oops, compressed class ptrs, g1 gc, windows-amd64)
GC Precious Log:
 CardTable entry size: 512
 Card Set container configuration: InlinePtr #cards 5 size 8 Array Of Cards #cards 12 size 40 Howl #buckets 4 coarsen threshold 1843 Howl Bitmap #cards 512 size 80 coarsen threshold 460 Card regions per heap region 1 cards per card region 2048
 CPUs: 12 total, 12 available
 Memory: 7521M
 Large Page Support: Disabled
 NUMA Support: Disabled
 Compressed Oops: Enabled (32-bit)
 Heap Region Size: 1M
 Heap Min Capacity: 8M
 Heap Initial Capacity: 118M
 Heap Max Capacity: 1882M
 Pre-touch: Disabled
 Parallel Workers: 10
 Concurrent Workers: 3
 Concurrent Refinement Workers: 10
 Periodic GC: Disabled
Heap:
 garbage-first heap   total 61440K, used 34144K [0x000000008a600000, 0x0000000100000000)
  region size 1024K, 3 young (3072K), 3 survivors (3072K)
 Metaspace       used 46481K, committed 47296K, reserved 1114112K
  class space    used 6734K, committed 7104K, reserved 1048576K
GC Heap History (20 events):
Event: 5.863 GC heap after
{Heap after GC invocations=3 (full 0):
 garbage-first heap   total 120832K, used 14708K [0x000000008a600000, 0x0000000100000000)
  region size 1024K, 6 young (6144K), 6 survivors (6144K)
 Metaspace       used 21125K, committed 21440K, reserved 1114112K
  class space    used 2762K, committed 2880K, reserved 1048576K
}
Event: 6.295 GC heap before
{Heap before GC invocations=4 (full 0):
 garbage-first heap   total 51200K, used 39284K [0x000000008a600000, 0x0000000100000000)
  region size 1024K, 30 young (30720K), 6 survivors (6144K)
 Metaspace       used 22519K, committed 22912K, reserved 1114112K
  class space    used 2981K, committed 3136K, reserved 1048576K
}
Event: 6.304 GC heap after
{Heap after GC invocations=5 (full 0):
 garbage-first heap   total 51200K, used 16123K [0x000000008a600000, 0x0000000100000000)
  region size 1024K, 2 young (2048K), 2 survivors (2048K)
 Metaspace       used 22519K, committed 22912K, reserved 1114112K
  class space    used 2981K, committed 3136K, reserved 1048576K
}
Event: 6.750 GC heap before
{Heap before GC invocations=5 (full 0):
 garbage-first heap   total 51200K, used 37627K [0x000000008a600000, 0x0000000100000000)
  region size 1024K, 23 young (23552K), 2 survivors (2048K)
 Metaspace       used 24510K, committed 24896K, reserved 1114112K
  class space    used 3314K, committed 3456K, reserved 1048576K
}
Event: 6.756 GC heap after
{Heap after GC invocations=6 (full 0):
 garbage-first heap   total 51200K, used 18181K [0x000000008a600000, 0x0000000100000000)
  region size 1024K, 2 young (2048K), 2 survivors (2048K)
 Metaspace       used 24510K, committed 24896K, reserved 1114112K
  class space    used 3314K, committed 3456K, reserved 1048576K
}
Event: 7.314 GC heap before
{Heap before GC invocations=6 (full 0):
 garbage-first heap   total 51200K, used 39685K [0x000000008a600000, 0x0000000100000000)
  region size 1024K, 23 young (23552K), 2 survivors (2048K)
 Metaspace       used 28582K, committed 29120K, reserved 1114112K
  class space    used 3885K, committed 4096K, reserved 1048576K
}
Event: 7.319 GC heap after
{Heap after GC invocations=7 (full 0):
 garbage-first heap   total 51200K, used 20400K [0x000000008a600000, 0x0000000100000000)
  region size 1024K, 3 young (3072K), 3 survivors (3072K)
 Metaspace       used 28582K, committed 29120K, reserved 1114112K
  class space    used 3885K, committed 4096K, reserved 1048576K
}
Event: 7.622 GC heap before
{Heap before GC invocations=7 (full 0):
 garbage-first heap   total 51200K, used 40880K [0x000000008a600000, 0x0000000100000000)
  region size 1024K, 23 young (23552K), 3 survivors (3072K)
 Metaspace       used 30165K, committed 30720K, reserved 1114112K
  class space    used 4129K, committed 4352K, reserved 1048576K
}
Event: 7.627 GC heap after
{Heap after GC invocations=8 (full 0):
 garbage-first heap   total 61440K, used 21602K [0x000000008a600000, 0x0000000100000000)
  region size 1024K, 2 young (2048K), 2 survivors (2048K)
 Metaspace       used 30165K, committed 30720K, reserved 1114112K
  class space    used 4129K, committed 4352K, reserved 1048576K
}
Event: 8.040 GC heap before
{Heap before GC invocations=8 (full 0):
 garbage-first heap   total 61440K, used 51298K [0x000000008a600000, 0x0000000100000000)
  region size 1024K, 31 young (31744K), 2 survivors (2048K)
 Metaspace       used 32981K, committed 33600K, reserved 1114112K
  class space    used 4559K, committed 4864K, reserved 1048576K
}
Event: 8.044 GC heap after
{Heap after GC invocations=9 (full 0):
 garbage-first heap   total 61440K, used 22676K [0x000000008a600000, 0x0000000100000000)
  region size 1024K, 3 young (3072K), 3 survivors (3072K)
 Metaspace       used 32981K, committed 33600K, reserved 1114112K
  class space    used 4559K, committed 4864K, reserved 1048576K
}
Event: 8.304 GC heap before
{Heap before GC invocations=9 (full 0):
 garbage-first heap   total 61440K, used 33940K [0x000000008a600000, 0x0000000100000000)
  region size 1024K, 15 young (15360K), 3 survivors (3072K)
 Metaspace       used 35221K, committed 35776K, reserved 1114112K
  class space    used 4914K, committed 5184K, reserved 1048576K
}
Event: 8.309 GC heap after
{Heap after GC invocations=10 (full 0):
 garbage-first heap   total 61440K, used 23591K [0x000000008a600000, 0x0000000100000000)
  region size 1024K, 3 young (3072K), 3 survivors (3072K)
 Metaspace       used 35221K, committed 35776K, reserved 1114112K
  class space    used 4914K, committed 5184K, reserved 1048576K
}
Event: 8.669 GC heap before
{Heap before GC invocations=11 (full 0):
 garbage-first heap   total 61440K, used 52263K [0x000000008a600000, 0x0000000100000000)
  region size 1024K, 31 young (31744K), 3 survivors (3072K)
 Metaspace       used 37457K, committed 38080K, reserved 1114112K
  class space    used 5259K, committed 5504K, reserved 1048576K
}
Event: 8.678 GC heap after
{Heap after GC invocations=12 (full 0):
 garbage-first heap   total 61440K, used 27952K [0x000000008a600000, 0x0000000100000000)
  region size 1024K, 4 young (4096K), 4 survivors (4096K)
 Metaspace       used 37457K, committed 38080K, reserved 1114112K
  class space    used 5259K, committed 5504K, reserved 1048576K
}
Event: 9.183 GC heap before
{Heap before GC invocations=12 (full 0):
 garbage-first heap   total 61440K, used 51504K [0x000000008a600000, 0x0000000100000000)
  region size 1024K, 27 young (27648K), 4 survivors (4096K)
 Metaspace       used 40984K, committed 41600K, reserved 1114112K
  class space    used 5812K, committed 6080K, reserved 1048576K
}
Event: 9.187 GC heap after
{Heap after GC invocations=13 (full 0):
 garbage-first heap   total 61440K, used 31085K [0x000000008a600000, 0x0000000100000000)
  region size 1024K, 4 young (4096K), 4 survivors (4096K)
 Metaspace       used 40984K, committed 41600K, reserved 1114112K
  class space    used 5812K, committed 6080K, reserved 1048576K
}
Event: 10.616 GC heap before
{Heap before GC invocations=13 (full 0):
 garbage-first heap   total 61440K, used 51565K [0x000000008a600000, 0x0000000100000000)
  region size 1024K, 24 young (24576K), 4 survivors (4096K)
 Metaspace       used 43561K, committed 44224K, reserved 1114112K
  class space    used 6283K, committed 6592K, reserved 1048576K
}
Event: 10.620 GC heap after
{Heap after GC invocations=14 (full 0):
 garbage-first heap   total 61440K, used 32687K [0x000000008a600000, 0x0000000100000000)
  region size 1024K, 2 young (2048K), 2 survivors (2048K)
 Metaspace       used 43561K, committed 44224K, reserved 1114112K
  class space    used 6283K, committed 6592K, reserved 1048576K
}
Event: 12.081 GC heap before
{Heap before GC invocations=15 (full 0):
 garbage-first heap   total 61440K, used 53167K [0x000000008a600000, 0x0000000100000000)
  region size 1024K, 22 young (22528K), 2 survivors (2048K)
 Metaspace       used 46481K, committed 47296K, reserved 1114112K
  class space    used 6734K, committed 7104K, reserved 1048576K
}

