# JRE version: OpenJDK Runtime Environment Temurin-21.0.8+9 (21.0.8+9) (build 21.0.8+9-LTS)
# Java VM: OpenJDK 64-Bit Server VM Temurin-21.0.8+9 (21.0.8+9-LTS, mixed mode, sharing, tiered, compressed oops, compressed class ptrs, parallel gc, windows-amd64)
GC Precious Log:
 CardTable entry size: 512
 CPUs: 12 total, 12 available
 Memory: 7521M
 Large Page Support: Disabled
 NUMA Support: Disabled
 Compressed Oops: Enabled (32-bit)
 Alignments: Space 512K, Generation 512K, Heap 2M
 Heap Min Capacity: 100M
 Heap Initial Capacity: 100M
 Heap Max Capacity: 2G
 Pre-touch: Disabled
 Parallel Workers: 10
Heap:
 PSYoungGen      total 3072K, used 423K [0x00000000d5580000, 0x00000000d5900000, 0x0000000100000000)
  eden space 2560K, 16% used [0x00000000d5580000,0x00000000d55e9ed8,0x00000000d5800000)
  from space 512K, 0% used [0x00000000d5800000,0x00000000d5800000,0x00000000d5880000)
  to   space 512K, 0% used [0x00000000d5880000,0x00000000d5880000,0x00000000d5900000)
 ParOldGen       total 608768K, used 236477K [0x0000000080000000, 0x00000000a5280000, 0x00000000d5580000)
  object space 608768K, 38% used [0x0000000080000000,0x000000008e6ef680,0x00000000a5280000)
 Metaspace       used 82064K, committed 83648K, reserved 1179648K
  class space    used 8810K, committed 9536K, reserved 1048576K
GC Heap History (20 events):
Event: 8229.180 GC heap before
{Heap before GC invocations=450 (full 4):
 PSYoungGen      total 2048K, used 1760K [0x00000000d5580000, 0x00000000d5900000, 0x0000000100000000)
  eden space 1536K, 100% used [0x00000000d5580000,0x00000000d5700000,0x00000000d5700000)
  from space 512K, 43% used [0x00000000d5800000,0x00000000d5838000,0x00000000d5880000)
  to   space 512K, 0% used [0x00000000d5880000,0x00000000d5880000,0x00000000d5900000)
 ParOldGen       total 608768K, used 236269K [0x0000000080000000, 0x00000000a5280000, 0x00000000d5580000)
  object space 608768K, 38% used [0x0000000080000000,0x000000008e6bb680,0x00000000a5280000)
 Metaspace       used 82032K, committed 83584K, reserved 1179648K
  class space    used 8810K, committed 9536K, reserved 1048576K
}
Event: 8229.229 GC heap after
{Heap after GC invocations=450 (full 4):
 PSYoungGen      total 2048K, used 160K [0x00000000d5580000, 0x00000000d5900000, 0x0000000100000000)
  eden space 1536K, 0% used [0x00000000d5580000,0x00000000d5580000,0x00000000d5700000)
  from space 512K, 31% used [0x00000000d5880000,0x00000000d58a8000,0x00000000d5900000)
  to   space 512K, 0% used [0x00000000d5800000,0x00000000d5800000,0x00000000d5880000)
 ParOldGen       total 608768K, used 236293K [0x0000000080000000, 0x00000000a5280000, 0x00000000d5580000)
  object space 608768K, 38% used [0x0000000080000000,0x000000008e6c1680,0x00000000a5280000)
 Metaspace       used 82032K, committed 83584K, reserved 1179648K
  class space    used 8810K, committed 9536K, reserved 1048576K
}
Event: 31016.543 GC heap before
{Heap before GC invocations=451 (full 4):
 PSYoungGen      total 2048K, used 1695K [0x00000000d5580000, 0x00000000d5900000, 0x0000000100000000)
  eden space 1536K, 99% used [0x00000000d5580000,0x00000000d56fffc8,0x00000000d5700000)
  from space 512K, 31% used [0x00000000d5880000,0x00000000d58a8000,0x00000000d5900000)
  to   space 512K, 0% used [0x00000000d5800000,0x00000000d5800000,0x00000000d5880000)
 ParOldGen       total 608768K, used 236293K [0x0000000080000000, 0x00000000a5280000, 0x00000000d5580000)
  object space 608768K, 38% used [0x0000000080000000,0x000000008e6c1680,0x00000000a5280000)
 Metaspace       used 82034K, committed 83584K, reserved 1179648K
  class space    used 8810K, committed 9536K, reserved 1048576K
}
Event: 31016.915 GC heap after
{Heap after GC invocations=451 (full 4):
 PSYoungGen      total 2048K, used 224K [0x00000000d5580000, 0x00000000d5900000, 0x0000000100000000)
  eden space 1536K, 0% used [0x00000000d5580000,0x00000000d5580000,0x00000000d5700000)
  from space 512K, 43% used [0x00000000d5800000,0x00000000d5838000,0x00000000d5880000)
  to   space 512K, 0% used [0x00000000d5880000,0x00000000d5880000,0x00000000d5900000)
 ParOldGen       total 608768K, used 236301K [0x0000000080000000, 0x00000000a5280000, 0x00000000d5580000)
  object space 608768K, 38% used [0x0000000080000000,0x000000008e6c3680,0x00000000a5280000)
 Metaspace       used 82034K, committed 83584K, reserved 1179648K
  class space    used 8810K, committed 9536K, reserved 1048576K
}
Event: 31016.959 GC heap before
{Heap before GC invocations=452 (full 4):
 PSYoungGen      total 2048K, used 1760K [0x00000000d5580000, 0x00000000d5900000, 0x0000000100000000)
  eden space 1536K, 100% used [0x00000000d5580000,0x00000000d5700000,0x00000000d5700000)
  from space 512K, 43% used [0x00000000d5800000,0x00000000d5838000,0x00000000d5880000)
  to   space 512K, 0% used [0x00000000d5880000,0x00000000d5880000,0x00000000d5900000)
 ParOldGen       total 608768K, used 236301K [0x0000000080000000, 0x00000000a5280000, 0x00000000d5580000)
  object space 608768K, 38% used [0x0000000080000000,0x000000008e6c3680,0x00000000a5280000)
 Metaspace       used 82034K, committed 83584K, reserved 1179648K
  class space    used 8810K, committed 9536K, reserved 1048576K
}
Event: 31016.965 GC heap after
{Heap after GC invocations=452 (full 4):
 PSYoungGen      total 2048K, used 64K [0x00000000d5580000, 0x00000000d5900000, 0x0000000100000000)
  eden space 1536K, 0% used [0x00000000d5580000,0x00000000d5580000,0x00000000d5700000)
  from space 512K, 12% used [0x00000000d5880000,0x00000000d5890000,0x00000000d5900000)
  to   space 512K, 0% used [0x00000000d5800000,0x00000000d5800000,0x00000000d5880000)
 ParOldGen       total 608768K, used 236373K [0x0000000080000000, 0x00000000a5280000, 0x00000000d5580000)
  object space 608768K, 38% used [0x0000000080000000,0x000000008e6d5680,0x00000000a5280000)
 Metaspace       used 82034K, committed 83584K, reserved 1179648K
  class space    used 8810K, committed 9536K, reserved 1048576K
}
Event: 31016.970 GC heap before
{Heap before GC invocations=453 (full 4):
 PSYoungGen      total 2048K, used 1600K [0x00000000d5580000, 0x00000000d5900000, 0x0000000100000000)
  eden space 1536K, 100% used [0x00000000d5580000,0x00000000d5700000,0x00000000d5700000)
  from space 512K, 12% used [0x00000000d5880000,0x00000000d5890000,0x00000000d5900000)
  to   space 512K, 0% used [0x00000000d5800000,0x00000000d5800000,0x00000000d5880000)
 ParOldGen       total 608768K, used 236373K [0x0000000080000000, 0x00000000a5280000, 0x00000000d5580000)
  object space 608768K, 38% used [0x0000000080000000,0x000000008e6d5680,0x00000000a5280000)
 Metaspace       used 82034K, committed 83584K, reserved 1179648K
  class space    used 8810K, committed 9536K, reserved 1048576K
}
Event: 31016.974 GC heap after
{Heap after GC invocations=453 (full 4):
 PSYoungGen      total 2048K, used 0K [0x00000000d5580000, 0x00000000d5900000, 0x0000000100000000)
  eden space 1536K, 0% used [0x00000000d5580000,0x00000000d5580000,0x00000000d5700000)
  from space 512K, 0% used [0x00000000d5800000,0x00000000d5800000,0x00000000d5880000)
  to   space 512K, 0% used [0x00000000d5880000,0x00000000d5880000,0x00000000d5900000)
 ParOldGen       total 608768K, used 236397K [0x0000000080000000, 0x00000000a5280000, 0x00000000d5580000)
  object space 608768K, 38% used [0x0000000080000000,0x000000008e6db680,0x00000000a5280000)
 Metaspace       used 82034K, committed 83584K, reserved 1179648K
  class space    used 8810K, committed 9536K, reserved 1048576K
}
Event: 31016.985 GC heap before
{Heap before GC invocations=454 (full 4):
 PSYoungGen      total 2048K, used 1535K [0x00000000d5580000, 0x00000000d5900000, 0x0000000100000000)
  eden space 1536K, 99% used [0x00000000d5580000,0x00000000d56ffff0,0x00000000d5700000)
  from space 512K, 0% used [0x00000000d5800000,0x00000000d5800000,0x00000000d5880000)
  to   space 512K, 0% used [0x00000000d5880000,0x00000000d5880000,0x00000000d5900000)
 ParOldGen       total 608768K, used 236397K [0x0000000080000000, 0x00000000a5280000, 0x00000000d5580000)
  object space 608768K, 38% used [0x0000000080000000,0x000000008e6db680,0x00000000a5280000)
 Metaspace       used 82034K, committed 83584K, reserved 1179648K
  class space    used 8810K, committed 9536K, reserved 1048576K
}
Event: 31016.989 GC heap after
{Heap after GC invocations=454 (full 4):
 PSYoungGen      total 2048K, used 0K [0x00000000d5580000, 0x00000000d5900000, 0x0000000100000000)
  eden space 1536K, 0% used [0x00000000d5580000,0x00000000d5580000,0x00000000d5700000)
  from space 512K, 0% used [0x00000000d5880000,0x00000000d5880000,0x00000000d5900000)
  to   space 512K, 0% used [0x00000000d5800000,0x00000000d5800000,0x00000000d5880000)
 ParOldGen       total 608768K, used 236397K [0x0000000080000000, 0x00000000a5280000, 0x00000000d5580000)
  object space 608768K, 38% used [0x0000000080000000,0x000000008e6db680,0x00000000a5280000)
 Metaspace       used 82034K, committed 83584K, reserved 1179648K
  class space    used 8810K, committed 9536K, reserved 1048576K
}
Event: 31016.994 GC heap before
{Heap before GC invocations=455 (full 4):
 PSYoungGen      total 2048K, used 1536K [0x00000000d5580000, 0x00000000d5900000, 0x0000000100000000)
  eden space 1536K, 100% used [0x00000000d5580000,0x00000000d5700000,0x00000000d5700000)
  from space 512K, 0% used [0x00000000d5880000,0x00000000d5880000,0x00000000d5900000)
  to   space 512K, 0% used [0x00000000d5800000,0x00000000d5800000,0x00000000d5880000)
 ParOldGen       total 608768K, used 236397K [0x0000000080000000, 0x00000000a5280000, 0x00000000d5580000)
  object space 608768K, 38% used [0x0000000080000000,0x000000008e6db680,0x00000000a5280000)
 Metaspace       used 82034K, committed 83584K, reserved 1179648K
  class space    used 8810K, committed 9536K, reserved 1048576K
}
Event: 31016.996 GC heap after
{Heap after GC invocations=455 (full 4):
 PSYoungGen      total 2048K, used 32K [0x00000000d5580000, 0x00000000d5900000, 0x0000000100000000)
  eden space 1536K, 0% used [0x00000000d5580000,0x00000000d5580000,0x00000000d5700000)
  from space 512K, 6% used [0x00000000d5800000,0x00000000d5808000,0x00000000d5880000)
  to   space 512K, 0% used [0x00000000d5880000,0x00000000d5880000,0x00000000d5900000)
 ParOldGen       total 608768K, used 236397K [0x0000000080000000, 0x00000000a5280000, 0x00000000d5580000)
  object space 608768K, 38% used [0x0000000080000000,0x000000008e6db680,0x00000000a5280000)
 Metaspace       used 82034K, committed 83584K, reserved 1179648K
  class space    used 8810K, committed 9536K, reserved 1048576K
}
Event: 31017.001 GC heap before
{Heap before GC invocations=456 (full 4):
 PSYoungGen      total 2048K, used 1568K [0x00000000d5580000, 0x00000000d5900000, 0x0000000100000000)
  eden space 1536K, 100% used [0x00000000d5580000,0x00000000d5700000,0x00000000d5700000)
  from space 512K, 6% used [0x00000000d5800000,0x00000000d5808000,0x00000000d5880000)
  to   space 512K, 0% used [0x00000000d5880000,0x00000000d5880000,0x00000000d5900000)
 ParOldGen       total 608768K, used 236397K [0x0000000080000000, 0x00000000a5280000, 0x00000000d5580000)
  object space 608768K, 38% used [0x0000000080000000,0x000000008e6db680,0x00000000a5280000)
 Metaspace       used 82034K, committed 83584K, reserved 1179648K
  class space    used 8810K, committed 9536K, reserved 1048576K
}
Event: 31017.031 GC heap after
{Heap after GC invocations=456 (full 4):
 PSYoungGen      total 2560K, used 32K [0x00000000d5580000, 0x00000000d5900000, 0x0000000100000000)
  eden space 2048K, 0% used [0x00000000d5580000,0x00000000d5580000,0x00000000d5780000)
  from space 512K, 6% used [0x00000000d5880000,0x00000000d5888000,0x00000000d5900000)
  to   space 512K, 0% used [0x00000000d5800000,0x00000000d5800000,0x00000000d5880000)
 ParOldGen       total 608768K, used 236397K [0x0000000080000000, 0x00000000a5280000, 0x00000000d5580000)
  object space 608768K, 38% used [0x0000000080000000,0x000000008e6db680,0x00000000a5280000)
 Metaspace       used 82034K, committed 83584K, reserved 1179648K
  class space    used 8810K, committed 9536K, reserved 1048576K
}
Event: 35003.179 GC heap before
{Heap before GC invocations=457 (full 4):
 PSYoungGen      total 2560K, used 2079K [0x00000000d5580000, 0x00000000d5900000, 0x0000000100000000)
  eden space 2048K, 99% used [0x00000000d5580000,0x00000000d577fff0,0x00000000d5780000)
  from space 512K, 6% used [0x00000000d5880000,0x00000000d5888000,0x00000000d5900000)
  to   space 512K, 0% used [0x00000000d5800000,0x00000000d5800000,0x00000000d5880000)
 ParOldGen       total 608768K, used 236397K [0x0000000080000000, 0x00000000a5280000, 0x00000000d5580000)
  object space 608768K, 38% used [0x0000000080000000,0x000000008e6db680,0x00000000a5280000)
 Metaspace       used 82059K, committed 83648K, reserved 1179648K
  class space    used 8810K, committed 9536K, reserved 1048576K
}
Event: 35003.248 GC heap after
{Heap after GC invocations=457 (full 4):
 PSYoungGen      total 3072K, used 192K [0x00000000d5580000, 0x00000000d5900000, 0x0000000100000000)
  eden space 2560K, 0% used [0x00000000d5580000,0x00000000d5580000,0x00000000d5800000)
  from space 512K, 37% used [0x00000000d5800000,0x00000000d5830000,0x00000000d5880000)
  to   space 512K, 0% used [0x00000000d5880000,0x00000000d5880000,0x00000000d5900000)
 ParOldGen       total 608768K, used 236397K [0x0000000080000000, 0x00000000a5280000, 0x00000000d5580000)
  object space 608768K, 38% used [0x0000000080000000,0x000000008e6db680,0x00000000a5280000)
 Metaspace       used 82059K, committed 83648K, reserved 1179648K
  class space    used 8810K, committed 9536K, reserved 1048576K
}
Event: 48001.564 GC heap before
{Heap before GC invocations=458 (full 4):
 PSYoungGen      total 3072K, used 2752K [0x00000000d5580000, 0x00000000d5900000, 0x0000000100000000)
  eden space 2560K, 100% used [0x00000000d5580000,0x00000000d5800000,0x00000000d5800000)
  from space 512K, 37% used [0x00000000d5800000,0x00000000d5830000,0x00000000d5880000)
  to   space 512K, 0% used [0x00000000d5880000,0x00000000d5880000,0x00000000d5900000)
 ParOldGen       total 608768K, used 236397K [0x0000000080000000, 0x00000000a5280000, 0x00000000d5580000)
  object space 608768K, 38% used [0x0000000080000000,0x000000008e6db680,0x00000000a5280000)
 Metaspace       used 82064K, committed 83648K, reserved 1179648K
  class space    used 8810K, committed 9536K, reserved 1048576K
}
Event: 48001.916 GC heap after
{Heap after GC invocations=458 (full 4):
 PSYoungGen      total 3072K, used 192K [0x00000000d5580000, 0x00000000d5900000, 0x0000000100000000)
  eden space 2560K, 0% used [0x00000000d5580000,0x00000000d5580000,0x00000000d5800000)
  from space 512K, 37% used [0x00000000d5880000,0x00000000d58b0000,0x00000000d5900000)
  to   space 512K, 0% used [0x00000000d5800000,0x00000000d5800000,0x00000000d5880000)
 ParOldGen       total 608768K, used 236397K [0x0000000080000000, 0x00000000a5280000, 0x00000000d5580000)
  object space 608768K, 38% used [0x0000000080000000,0x000000008e6db680,0x00000000a5280000)
 Metaspace       used 82064K, committed 83648K, reserved 1179648K
  class space    used 8810K, committed 9536K, reserved 1048576K
}
Event: 48002.090 GC heap before
{Heap before GC invocations=459 (full 4):
 PSYoungGen      total 3072K, used 2752K [0x00000000d5580000, 0x00000000d5900000, 0x0000000100000000)
  eden space 2560K, 100% used [0x00000000d5580000,0x00000000d5800000,0x00000000d5800000)
  from space 512K, 37% used [0x00000000d5880000,0x00000000d58b0000,0x00000000d5900000)
  to   space 512K, 0% used [0x00000000d5800000,0x00000000d5800000,0x00000000d5880000)
 ParOldGen       total 608768K, used 236397K [0x0000000080000000, 0x00000000a5280000, 0x00000000d5580000)
  object space 608768K, 38% used [0x0000000080000000,0x000000008e6db680,0x00000000a5280000)
 Metaspace       used 82064K, committed 83648K, reserved 1179648K
  class space    used 8810K, committed 9536K, reserved 1048576K
}
Event: 48002.120 GC heap after
{Heap after GC invocations=459 (full 4):
 PSYoungGen      total 3072K, used 0K [0x00000000d5580000, 0x00000000d5900000, 0x0000000100000000)
  eden space 2560K, 0% used [0x00000000d5580000,0x00000000d5580000,0x00000000d5800000)
  from space 512K, 0% used [0x00000000d5800000,0x00000000d5800000,0x00000000d5880000)
  to   space 512K, 0% used [0x00000000d5880000,0x00000000d5880000,0x00000000d5900000)
 ParOldGen       total 608768K, used 236477K [0x0000000080000000, 0x00000000a5280000, 0x00000000d5580000)
  object space 608768K, 38% used [0x0000000080000000,0x000000008e6ef680,0x00000000a5280000)
 Metaspace       used 82064K, committed 83648K, reserved 1179648K
  class space    used 8810K, committed 9536K, reserved 1048576K
}

